<?xml version="1.0" encoding="UTF-8"?>
<!-- Generated by org.testng.reporters.JUnitReportReporter -->
<testsuite skipped="0" hostname="LKNDSS25J6MQ2" name="com.ekalw.qa.demo.DemoWebTable" tests="1" failures="0" timestamp="08 Jan 2019 12:59:30 GMT" time="65.892" errors="0">
  <testcase name="test1" time="65.892" classname="com.ekalw.qa.demo.DemoWebTable"/>
</testsuite> <!-- com.ekalw.qa.demo.DemoWebTable -->
